SF:lib/features/fruit/data/mapper/fruit_mapper.dart
DA:6,2
DA:7,1
DA:8,1
DA:9,2
DA:13,5
LF:5
LH:5
end_of_record
SF:lib/features/fruit/data/models/fruit_model.dart
DA:14,2
LF:1
LH:1
end_of_record
SF:lib/features/fruit/data/repository/fruit_repository_impl.dart
DA:11,1
DA:13,1
DA:16,2
DA:17,1
DA:18,1
DA:19,1
DA:20,1
LF:7
LH:7
end_of_record
SF:lib/features/fruit/domain/entities/fruit_entity.dart
DA:27,1
DA:28,2
DA:30,1
DA:31,4
LF:4
LH:4
end_of_record
SF:lib/features/fruit/domain/usecases/get_fruit_usecase.dart
DA:10,1
DA:12,1
DA:14,2
LF:3
LH:3
end_of_record
SF:lib/features/fruit/presentation/cubit/fruit_cubit.dart
DA:11,1
DA:13,1
DA:15,1
DA:16,4
DA:18,1
DA:21,2
DA:22,1
DA:23,1
DA:24,3
DA:25,4
DA:27,1
DA:30,1
DA:31,4
LF:13
LH:13
end_of_record